2026-02-16T09:29:36.823+05:30  INFO 9628 --- [user] [main] com.example.user.UserApplication         : Starting UserApplication using Java 21.0.9 with PID 9628 (C:\Users\kumar\Personal Backend Projects\eComProject\user\user\target\classes started by kumar in C:\Users\kumar\Personal Backend Projects\eComProject)
2026-02-16T09:29:36.838+05:30  INFO 9628 --- [user] [main] com.example.user.UserApplication         : No active profile set, falling back to 1 default profile: "default"
2026-02-16T09:29:36.900+05:30  INFO 9628 --- [user] [main] o.s.c.c.c.ConfigServerConfigDataLoader   : Fetching config from server at : http://localhost:8888
2026-02-16T09:29:36.900+05:30  INFO 9628 --- [user] [main] o.s.c.c.c.ConfigServerConfigDataLoader   : Located environment: name=user, profiles=[default], label=null, version=null, state=null
2026-02-16T09:29:38.435+05:30  INFO 9628 --- [user] [main] .s.d.r.c.RepositoryConfigurationDelegate : Bootstrapping Spring Data MongoDB repositories in DEFAULT mode.
2026-02-16T09:29:38.591+05:30  INFO 9628 --- [user] [main] .s.d.r.c.RepositoryConfigurationDelegate : Finished Spring Data repository scanning in 150 ms. Found 1 MongoDB repository interface.
2026-02-16T09:29:38.929+05:30  INFO 9628 --- [user] [main] faultConfiguringBeanFactoryPostProcessor : No bean named 'errorChannel' has been explicitly defined. Therefore, a default PublishSubscribeChannel will be created.
2026-02-16T09:29:38.947+05:30  INFO 9628 --- [user] [main] faultConfiguringBeanFactoryPostProcessor : No bean named 'integrationHeaderChannelRegistry' has been explicitly defined. Therefore, a default DefaultHeaderChannelRegistry will be created.
2026-02-16T09:29:39.331+05:30  INFO 9628 --- [user] [main] o.s.cloud.context.scope.GenericScope     : BeanFactory id=eca75871-edea-34da-aca3-902725aa46b6
2026-02-16T09:29:39.983+05:30  INFO 9628 --- [user] [main] o.s.b.w.embedded.tomcat.TomcatWebServer  : Tomcat initialized with port 8081 (http)
2026-02-16T09:29:39.997+05:30  INFO 9628 --- [user] [main] o.apache.catalina.core.StandardService   : Starting service [Tomcat]
2026-02-16T09:29:39.997+05:30  INFO 9628 --- [user] [main] o.apache.catalina.core.StandardEngine    : Starting Servlet engine: [Apache Tomcat/10.1.31]
2026-02-16T09:29:40.091+05:30  INFO 9628 --- [user] [main] o.a.c.c.C.[Tomcat].[localhost].[/]       : Initializing Spring embedded WebApplicationContext
2026-02-16T09:29:40.092+05:30  INFO 9628 --- [user] [main] w.s.c.ServletWebServerApplicationContext : Root WebApplicationContext: initialization completed in 3186 ms
2026-02-16T09:29:40.569+05:30 DEBUG 9628 --- [user] [main] org.mongodb.driver.connection            : Connection pool created for localhost:27017 using options maxIdleTimeMS=0, minPoolSize=0, maxPoolSize=100, maxConnecting=2, waitQueueTimeoutMS=120000
2026-02-16T09:29:40.587+05:30 DEBUG 9628 --- [user] [main] org.mongodb.driver.cluster               : Updating cluster description to  {type=UNKNOWN, servers=[{address=localhost:27017, type=UNKNOWN, state=CONNECTING}]
2026-02-16T09:29:40.610+05:30  INFO 9628 --- [user] [main] org.mongodb.driver.client                : MongoClient with metadata {"driver": {"name": "mongo-java-driver|sync|spring-boot", "version": "5.0.1"}, "os": {"type": "Windows", "name": "Windows 11", "architecture": "amd64", "version": "10.0"}, "platform": "Java/Oracle Corporation/21.0.9+7-LTS-338"} created with settings MongoClientSettings{readPreference=primary, writeConcern=WriteConcern{w=null, wTimeout=null ms, journal=null}, retryWrites=true, retryReads=true, readConcern=ReadConcern{level=null}, credential=null, transportSettings=null, commandListeners=[io.micrometer.core.instrument.binder.mongodb.MongoMetricsCommandListener@4d16975b], codecRegistry=ProvidersCodecRegistry{codecProviders=[ValueCodecProvider{}, BsonValueCodecProvider{}, DBRefCodecProvider{}, DBObjectCodecProvider{}, DocumentCodecProvider{}, CollectionCodecProvider{}, IterableCodecProvider{}, MapCodecProvider{}, GeoJsonCodecProvider{}, GridFSFileCodecProvider{}, Jsr310CodecProvider{}, JsonObjectCodecProvider{}, BsonCodecProvider{}, EnumCodecProvider{}, com.mongodb.client.model.mql.ExpressionCodecProvider@425f94d7, com.mongodb.Jep395RecordCodecProvider@378c48c1, com.mongodb.KotlinCodecProvider@53432aef]}, loggerSettings=LoggerSettings{maxDocumentLength=1000}, clusterSettings={hosts=[localhost:27017], srvServiceName=mongodb, mode=SINGLE, requiredClusterType=UNKNOWN, requiredReplicaSetName='null', serverSelector='null', clusterListeners='[]', serverSelectionTimeout='30000 ms', localThreshold='15 ms'}, socketSettings=SocketSettings{connectTimeoutMS=10000, readTimeoutMS=0, receiveBufferSize=0, proxySettings=ProxySettings{host=null, port=null, username=null, password=null}}, heartbeatSocketSettings=SocketSettings{connectTimeoutMS=10000, readTimeoutMS=10000, receiveBufferSize=0, proxySettings=ProxySettings{host=null, port=null, username=null, password=null}}, connectionPoolSettings=ConnectionPoolSettings{maxSize=100, minSize=0, maxWaitTimeMS=120000, maxConnectionLifeTimeMS=0, maxConnectionIdleTimeMS=0, maintenanceInitialDelayMS=0, maintenanceFrequencyMS=60000, connectionPoolListeners=[io.micrometer.core.instrument.binder.mongodb.MongoMetricsConnectionPoolListener@2a16d393], maxConnecting=2}, serverSettings=ServerSettings{heartbeatFrequencyMS=10000, minHeartbeatFrequencyMS=500, serverListeners='[]', serverMonitorListeners='[]'}, sslSettings=SslSettings{enabled=false, invalidHostNameAllowed=false, context=null}, applicationName='null', compressorList=[], uuidRepresentation=JAVA_LEGACY, serverApi=null, autoEncryptionSettings=null, dnsClient=null, inetAddressResolver=null, contextProvider=null}
2026-02-16T09:29:40.629+05:30  INFO 9628 --- [user] [cluster-ClusterId{value='6992962caba7cb651aa53a29', description='null'}-localhost:27017] org.mongodb.driver.cluster               : Monitor thread successfully connected to server with description ServerDescription{address=localhost:27017, type=STANDALONE, state=CONNECTED, ok=true, minWireVersion=0, maxWireVersion=27, maxDocumentSize=16777216, logicalSessionTimeoutMinutes=30, roundTripTimeNanos=29374000}
2026-02-16T09:29:40.630+05:30 DEBUG 9628 --- [user] [cluster-ClusterId{value='6992962caba7cb651aa53a29', description='null'}-localhost:27017] org.mongodb.driver.connection            : Connection pool ready for localhost:27017
2026-02-16T09:29:40.634+05:30 DEBUG 9628 --- [user] [cluster-ClusterId{value='6992962caba7cb651aa53a29', description='null'}-localhost:27017] org.mongodb.driver.cluster               : Updating cluster description to  {type=STANDALONE, servers=[{address=localhost:27017, type=STANDALONE, roundTripTime=29.4 ms, state=CONNECTED}]
2026-02-16T09:29:40.634+05:30 DEBUG 9628 --- [user] [cluster-ClusterId{value='6992962caba7cb651aa53a29', description='null'}-localhost:27017] org.mongodb.driver.cluster               : Checking status of localhost:27017
2026-02-16T09:29:42.041+05:30  INFO 9628 --- [user] [main] o.s.c.s.m.DirectWithAttributesChannel    : Channel 'user.springCloudBusInput' has 1 subscriber(s).
2026-02-16T09:29:42.235+05:30  INFO 9628 --- [user] [main] DiscoveryClientOptionalArgsConfiguration : Eureka HTTP Client uses RestTemplate.
2026-02-16T09:29:42.295+05:30  WARN 9628 --- [user] [main] iguration$LoadBalancerCaffeineWarnLogger : Spring Cloud LoadBalancer is currently working with the default cache. While this cache implementation is useful for development and tests, it's recommended to use Caffeine cache in production.You can switch to using Caffeine cache, by adding it and org.springframework.cache.caffeine.CaffeineCacheManager to the classpath.
2026-02-16T09:29:42.303+05:30  INFO 9628 --- [user] [main] o.s.b.a.e.web.EndpointLinksResolver      : Exposing 4 endpoints beneath base path '/actuator'
2026-02-16T09:29:42.421+05:30  INFO 9628 --- [user] [main] o.s.i.endpoint.EventDrivenConsumer       : Adding {logging-channel-adapter:_org.springframework.integration.errorLogger} as a subscriber to the 'errorChannel' channel
2026-02-16T09:29:42.421+05:30  INFO 9628 --- [user] [main] o.s.i.channel.PublishSubscribeChannel    : Channel 'user.errorChannel' has 1 subscriber(s).
2026-02-16T09:29:42.421+05:30  INFO 9628 --- [user] [main] o.s.i.endpoint.EventDrivenConsumer       : started bean '_org.springframework.integration.errorLogger'
2026-02-16T09:29:42.495+05:30  INFO 9628 --- [user] [main] o.s.c.n.eureka.InstanceInfoFactory       : Setting initial instance status as: STARTING
2026-02-16T09:29:42.521+05:30  INFO 9628 --- [user] [main] com.netflix.discovery.DiscoveryClient    : Initializing Eureka in region us-east-1
2026-02-16T09:29:42.527+05:30  INFO 9628 --- [user] [main] c.n.d.s.r.aws.ConfigClusterResolver      : Resolving eureka endpoints via configuration
2026-02-16T09:29:42.537+05:30  INFO 9628 --- [user] [main] com.netflix.discovery.DiscoveryClient    : Disable delta property : false
2026-02-16T09:29:42.539+05:30  INFO 9628 --- [user] [main] com.netflix.discovery.DiscoveryClient    : Single vip registry refresh property : null
2026-02-16T09:29:42.539+05:30  INFO 9628 --- [user] [main] com.netflix.discovery.DiscoveryClient    : Force full registry fetch : false
2026-02-16T09:29:42.539+05:30  INFO 9628 --- [user] [main] com.netflix.discovery.DiscoveryClient    : Application is null : false
2026-02-16T09:29:42.539+05:30  INFO 9628 --- [user] [main] com.netflix.discovery.DiscoveryClient    : Registered Applications size is zero : true
2026-02-16T09:29:42.539+05:30  INFO 9628 --- [user] [main] com.netflix.discovery.DiscoveryClient    : Application version is -1: true
2026-02-16T09:29:42.539+05:30  INFO 9628 --- [user] [main] com.netflix.discovery.DiscoveryClient    : Getting all instance registry info from the eureka server
2026-02-16T09:29:42.945+05:30  INFO 9628 --- [user] [main] com.netflix.discovery.DiscoveryClient    : The response status is 200
2026-02-16T09:29:42.946+05:30  INFO 9628 --- [user] [main] com.netflix.discovery.DiscoveryClient    : Starting heartbeat executor: renew interval is: 30
2026-02-16T09:29:42.948+05:30  INFO 9628 --- [user] [main] c.n.discovery.InstanceInfoReplicator     : InstanceInfoReplicator onDemand update allowed rate per min is 4
2026-02-16T09:29:42.949+05:30  INFO 9628 --- [user] [main] com.netflix.discovery.DiscoveryClient    : Discovery Client initialized at timestamp 1771214382948 with initial instances count: 0
2026-02-16T09:29:42.952+05:30  INFO 9628 --- [user] [main] o.s.c.n.e.s.EurekaServiceRegistry        : Registering application USER with eureka with status UP
2026-02-16T09:29:42.952+05:30  INFO 9628 --- [user] [main] com.netflix.discovery.DiscoveryClient    : Saw local status change event StatusChangeEvent [timestamp=1771214382952, current=UP, previous=STARTING]
2026-02-16T09:29:42.953+05:30  INFO 9628 --- [user] [DiscoveryClient-InstanceInfoReplicator-%d] com.netflix.discovery.DiscoveryClient    : DiscoveryClient_USER/happy.mshome.net:user:8081: registering service...
2026-02-16T09:29:42.970+05:30  INFO 9628 --- [user] [main] o.s.b.w.embedded.tomcat.TomcatWebServer  : Tomcat started on port 8081 (http) with context path '/'
2026-02-16T09:29:42.970+05:30  INFO 9628 --- [user] [main] .s.c.n.e.s.EurekaAutoServiceRegistration : Updating port to 8081
2026-02-16T09:29:42.992+05:30  INFO 9628 --- [user] [main] o.s.c.s.binder.DefaultBinderFactory      : Creating binder: rabbit
2026-02-16T09:29:42.993+05:30  INFO 9628 --- [user] [main] o.s.c.s.binder.DefaultBinderFactory      : Constructing binder child context for rabbit
2026-02-16T09:29:43.098+05:30  INFO 9628 --- [user] [DiscoveryClient-InstanceInfoReplicator-%d] com.netflix.discovery.DiscoveryClient    : DiscoveryClient_USER/happy.mshome.net:user:8081 - registration status: 204
2026-02-16T09:29:43.103+05:30  INFO 9628 --- [user] [main] o.s.c.s.binder.DefaultBinderFactory      : Caching the binder: rabbit
2026-02-16T09:29:43.142+05:30  INFO 9628 --- [user] [main] c.s.b.r.p.RabbitExchangeQueueProvisioner : declaring queue for inbound: springCloudBus.anonymous.4d1KI_QhRsaJXnfKSc80aw, bound to: springCloudBus
2026-02-16T09:29:43.154+05:30  INFO 9628 --- [user] [main] o.s.a.r.c.CachingConnectionFactory       : Attempting to connect to: [localhost:5672]
2026-02-16T09:29:43.231+05:30  INFO 9628 --- [user] [main] o.s.a.r.c.CachingConnectionFactory       : Created new connection: rabbitConnectionFactory#35d2312f:0/SimpleConnection@30fffb53 [delegate=amqp://guest@127.0.0.1:5672/, localPort=63181]
2026-02-16T09:29:43.338+05:30  INFO 9628 --- [user] [main] o.s.c.stream.binder.BinderErrorChannel   : Channel 'rabbit-1977641180.springCloudBusInput.errors' has 1 subscriber(s).
2026-02-16T09:29:43.340+05:30  INFO 9628 --- [user] [main] o.s.c.stream.binder.BinderErrorChannel   : Channel 'rabbit-1977641180.springCloudBusInput.errors' has 2 subscriber(s).
2026-02-16T09:29:43.366+05:30  INFO 9628 --- [user] [main] o.s.i.a.i.AmqpInboundChannelAdapter      : started bean 'inbound.springCloudBus.anonymous.4d1KI_QhRsaJXnfKSc80aw'
2026-02-16T09:29:43.439+05:30  INFO 9628 --- [user] [main] com.example.user.UserApplication         : Started UserApplication in 7.932 seconds (process running for 8.658)
2026-02-16T09:29:50.642+05:30 DEBUG 9628 --- [user] [cluster-ClusterId{value='6992962caba7cb651aa53a29', description='null'}-localhost:27017] org.mongodb.driver.cluster               : Updating cluster description to  {type=STANDALONE, servers=[{address=localhost:27017, type=STANDALONE, roundTripTime=29.4 ms, state=CONNECTED}]
2026-02-16T09:29:50.642+05:30 DEBUG 9628 --- [user] [cluster-ClusterId{value='6992962caba7cb651aa53a29', description='null'}-localhost:27017] org.mongodb.driver.cluster               : Checking status of localhost:27017
2026-02-16T09:29:54.477+05:30  INFO 9628 --- [user] [http-nio-8081-exec-1] o.a.c.c.C.[Tomcat].[localhost].[/]       : Initializing Spring DispatcherServlet 'dispatcherServlet'
2026-02-16T09:29:54.477+05:30  INFO 9628 --- [user] [http-nio-8081-exec-1] o.s.web.servlet.DispatcherServlet        : Initializing Servlet 'dispatcherServlet'
2026-02-16T09:29:54.481+05:30  INFO 9628 --- [user] [http-nio-8081-exec-1] o.s.web.servlet.DispatcherServlet        : Completed initialization in 3 ms
2026-02-16T09:30:00.642+05:30 DEBUG 9628 --- [user] [cluster-ClusterId{value='6992962caba7cb651aa53a29', description='null'}-localhost:27017] org.mongodb.driver.cluster               : Updating cluster description to  {type=STANDALONE, servers=[{address=localhost:27017, type=STANDALONE, roundTripTime=23.7 ms, state=CONNECTED}]
2026-02-16T09:30:00.642+05:30 DEBUG 9628 --- [user] [cluster-ClusterId{value='6992962caba7cb651aa53a29', description='null'}-localhost:27017] org.mongodb.driver.cluster               : Checking status of localhost:27017
2026-02-16T09:30:10.642+05:30 DEBUG 9628 --- [user] [cluster-ClusterId{value='6992962caba7cb651aa53a29', description='null'}-localhost:27017] org.mongodb.driver.cluster               : Updating cluster description to  {type=STANDALONE, servers=[{address=localhost:27017, type=STANDALONE, roundTripTime=19.2 ms, state=CONNECTED}]
2026-02-16T09:30:10.642+05:30 DEBUG 9628 --- [user] [cluster-ClusterId{value='6992962caba7cb651aa53a29', description='null'}-localhost:27017] org.mongodb.driver.cluster               : Checking status of localhost:27017
2026-02-16T09:30:12.954+05:30  INFO 9628 --- [user] [DiscoveryClient-CacheRefreshExecutor-%d] com.netflix.discovery.DiscoveryClient    : Disable delta property : false
2026-02-16T09:30:12.954+05:30  INFO 9628 --- [user] [DiscoveryClient-CacheRefreshExecutor-%d] com.netflix.discovery.DiscoveryClient    : Single vip registry refresh property : null
2026-02-16T09:30:12.954+05:30  INFO 9628 --- [user] [DiscoveryClient-CacheRefreshExecutor-%d] com.netflix.discovery.DiscoveryClient    : Force full registry fetch : false
2026-02-16T09:30:12.954+05:30  INFO 9628 --- [user] [DiscoveryClient-CacheRefreshExecutor-%d] com.netflix.discovery.DiscoveryClient    : Application is null : false
2026-02-16T09:30:12.954+05:30  INFO 9628 --- [user] [DiscoveryClient-CacheRefreshExecutor-%d] com.netflix.discovery.DiscoveryClient    : Registered Applications size is zero : true
2026-02-16T09:30:12.954+05:30  INFO 9628 --- [user] [DiscoveryClient-CacheRefreshExecutor-%d] com.netflix.discovery.DiscoveryClient    : Application version is -1: false
2026-02-16T09:30:12.954+05:30  INFO 9628 --- [user] [DiscoveryClient-CacheRefreshExecutor-%d] com.netflix.discovery.DiscoveryClient    : Getting all instance registry info from the eureka server
2026-02-16T09:30:12.984+05:30  INFO 9628 --- [user] [DiscoveryClient-CacheRefreshExecutor-%d] com.netflix.discovery.DiscoveryClient    : The response status is 200
2026-02-16T09:30:20.642+05:30 DEBUG 9628 --- [user] [cluster-ClusterId{value='6992962caba7cb651aa53a29', description='null'}-localhost:27017] org.mongodb.driver.cluster               : Updating cluster description to  {type=STANDALONE, servers=[{address=localhost:27017, type=STANDALONE, roundTripTime=15.6 ms, state=CONNECTED}]
2026-02-16T09:30:20.643+05:30 DEBUG 9628 --- [user] [cluster-ClusterId{value='6992962caba7cb651aa53a29', description='null'}-localhost:27017] org.mongodb.driver.cluster               : Checking status of localhost:27017
2026-02-16T09:30:30.646+05:30 DEBUG 9628 --- [user] [cluster-ClusterId{value='6992962caba7cb651aa53a29', description='null'}-localhost:27017] org.mongodb.driver.cluster               : Updating cluster description to  {type=STANDALONE, servers=[{address=localhost:27017, type=STANDALONE, roundTripTime=12.7 ms, state=CONNECTED}]
2026-02-16T09:30:30.646+05:30 DEBUG 9628 --- [user] [cluster-ClusterId{value='6992962caba7cb651aa53a29', description='null'}-localhost:27017] org.mongodb.driver.cluster               : Checking status of localhost:27017
2026-02-16T09:30:40.649+05:30 DEBUG 9628 --- [user] [cluster-ClusterId{value='6992962caba7cb651aa53a29', description='null'}-localhost:27017] org.mongodb.driver.cluster               : Updating cluster description to  {type=STANDALONE, servers=[{address=localhost:27017, type=STANDALONE, roundTripTime=11.0 ms, state=CONNECTED}]
2026-02-16T09:30:40.649+05:30 DEBUG 9628 --- [user] [cluster-ClusterId{value='6992962caba7cb651aa53a29', description='null'}-localhost:27017] org.mongodb.driver.cluster               : Checking status of localhost:27017
2026-02-16T09:30:50.649+05:30 DEBUG 9628 --- [user] [cluster-ClusterId{value='6992962caba7cb651aa53a29', description='null'}-localhost:27017] org.mongodb.driver.cluster               : Updating cluster description to  {type=STANDALONE, servers=[{address=localhost:27017, type=STANDALONE, roundTripTime=9.3 ms, state=CONNECTED}]
2026-02-16T09:30:50.650+05:30 DEBUG 9628 --- [user] [cluster-ClusterId{value='6992962caba7cb651aa53a29', description='null'}-localhost:27017] org.mongodb.driver.cluster               : Checking status of localhost:27017
2026-02-16T09:31:00.650+05:30 DEBUG 9628 --- [user] [cluster-ClusterId{value='6992962caba7cb651aa53a29', description='null'}-localhost:27017] org.mongodb.driver.cluster               : Updating cluster description to  {type=STANDALONE, servers=[{address=localhost:27017, type=STANDALONE, roundTripTime=7.6 ms, state=CONNECTED}]
2026-02-16T09:31:00.651+05:30 DEBUG 9628 --- [user] [cluster-ClusterId{value='6992962caba7cb651aa53a29', description='null'}-localhost:27017] org.mongodb.driver.cluster               : Checking status of localhost:27017
2026-02-16T09:31:10.653+05:30 DEBUG 9628 --- [user] [cluster-ClusterId{value='6992962caba7cb651aa53a29', description='null'}-localhost:27017] org.mongodb.driver.cluster               : Updating cluster description to  {type=STANDALONE, servers=[{address=localhost:27017, type=STANDALONE, roundTripTime=6.3 ms, state=CONNECTED}]
2026-02-16T09:31:10.653+05:30 DEBUG 9628 --- [user] [cluster-ClusterId{value='6992962caba7cb651aa53a29', description='null'}-localhost:27017] org.mongodb.driver.cluster               : Checking status of localhost:27017
2026-02-16T09:31:20.654+05:30 DEBUG 9628 --- [user] [cluster-ClusterId{value='6992962caba7cb651aa53a29', description='null'}-localhost:27017] org.mongodb.driver.cluster               : Updating cluster description to  {type=STANDALONE, servers=[{address=localhost:27017, type=STANDALONE, roundTripTime=5.2 ms, state=CONNECTED}]
2026-02-16T09:31:20.655+05:30 DEBUG 9628 --- [user] [cluster-ClusterId{value='6992962caba7cb651aa53a29', description='null'}-localhost:27017] org.mongodb.driver.cluster               : Checking status of localhost:27017
2026-02-16T09:31:30.654+05:30 DEBUG 9628 --- [user] [cluster-ClusterId{value='6992962caba7cb651aa53a29', description='null'}-localhost:27017] org.mongodb.driver.cluster               : Updating cluster description to  {type=STANDALONE, servers=[{address=localhost:27017, type=STANDALONE, roundTripTime=4.5 ms, state=CONNECTED}]
2026-02-16T09:31:30.654+05:30 DEBUG 9628 --- [user] [cluster-ClusterId{value='6992962caba7cb651aa53a29', description='null'}-localhost:27017] org.mongodb.driver.cluster               : Checking status of localhost:27017
2026-02-16T09:31:40.656+05:30 DEBUG 9628 --- [user] [cluster-ClusterId{value='6992962caba7cb651aa53a29', description='null'}-localhost:27017] org.mongodb.driver.cluster               : Updating cluster description to  {type=STANDALONE, servers=[{address=localhost:27017, type=STANDALONE, roundTripTime=3.7 ms, state=CONNECTED}]
2026-02-16T09:31:40.656+05:30 DEBUG 9628 --- [user] [cluster-ClusterId{value='6992962caba7cb651aa53a29', description='null'}-localhost:27017] org.mongodb.driver.cluster               : Checking status of localhost:27017
2026-02-16T09:31:50.657+05:30 DEBUG 9628 --- [user] [cluster-ClusterId{value='6992962caba7cb651aa53a29', description='null'}-localhost:27017] org.mongodb.driver.cluster               : Updating cluster description to  {type=STANDALONE, servers=[{address=localhost:27017, type=STANDALONE, roundTripTime=3.2 ms, state=CONNECTED}]
2026-02-16T09:31:50.657+05:30 DEBUG 9628 --- [user] [cluster-ClusterId{value='6992962caba7cb651aa53a29', description='null'}-localhost:27017] org.mongodb.driver.cluster               : Checking status of localhost:27017
2026-02-16T09:32:00.658+05:30 DEBUG 9628 --- [user] [cluster-ClusterId{value='6992962caba7cb651aa53a29', description='null'}-localhost:27017] org.mongodb.driver.cluster               : Updating cluster description to  {type=STANDALONE, servers=[{address=localhost:27017, type=STANDALONE, roundTripTime=2.8 ms, state=CONNECTED}]
2026-02-16T09:32:00.659+05:30 DEBUG 9628 --- [user] [cluster-ClusterId{value='6992962caba7cb651aa53a29', description='null'}-localhost:27017] org.mongodb.driver.cluster               : Checking status of localhost:27017
2026-02-16T09:32:10.659+05:30 DEBUG 9628 --- [user] [cluster-ClusterId{value='6992962caba7cb651aa53a29', description='null'}-localhost:27017] org.mongodb.driver.cluster               : Updating cluster description to  {type=STANDALONE, servers=[{address=localhost:27017, type=STANDALONE, roundTripTime=2.4 ms, state=CONNECTED}]
2026-02-16T09:32:10.659+05:30 DEBUG 9628 --- [user] [cluster-ClusterId{value='6992962caba7cb651aa53a29', description='null'}-localhost:27017] org.mongodb.driver.cluster               : Checking status of localhost:27017
2026-02-16T09:32:20.661+05:30 DEBUG 9628 --- [user] [cluster-ClusterId{value='6992962caba7cb651aa53a29', description='null'}-localhost:27017] org.mongodb.driver.cluster               : Updating cluster description to  {type=STANDALONE, servers=[{address=localhost:27017, type=STANDALONE, roundTripTime=2.4 ms, state=CONNECTED}]
2026-02-16T09:32:20.662+05:30 DEBUG 9628 --- [user] [cluster-ClusterId{value='6992962caba7cb651aa53a29', description='null'}-localhost:27017] org.mongodb.driver.cluster               : Checking status of localhost:27017
2026-02-16T09:32:30.663+05:30 DEBUG 9628 --- [user] [cluster-ClusterId{value='6992962caba7cb651aa53a29', description='null'}-localhost:27017] org.mongodb.driver.cluster               : Updating cluster description to  {type=STANDALONE, servers=[{address=localhost:27017, type=STANDALONE, roundTripTime=2.2 ms, state=CONNECTED}]
2026-02-16T09:32:30.663+05:30 DEBUG 9628 --- [user] [cluster-ClusterId{value='6992962caba7cb651aa53a29', description='null'}-localhost:27017] org.mongodb.driver.cluster               : Checking status of localhost:27017
2026-02-16T09:32:40.663+05:30 DEBUG 9628 --- [user] [cluster-ClusterId{value='6992962caba7cb651aa53a29', description='null'}-localhost:27017] org.mongodb.driver.cluster               : Updating cluster description to  {type=STANDALONE, servers=[{address=localhost:27017, type=STANDALONE, roundTripTime=2.0 ms, state=CONNECTED}]
2026-02-16T09:32:40.663+05:30 DEBUG 9628 --- [user] [cluster-ClusterId{value='6992962caba7cb651aa53a29', description='null'}-localhost:27017] org.mongodb.driver.cluster               : Checking status of localhost:27017
2026-02-16T09:32:50.665+05:30 DEBUG 9628 --- [user] [cluster-ClusterId{value='6992962caba7cb651aa53a29', description='null'}-localhost:27017] org.mongodb.driver.cluster               : Updating cluster description to  {type=STANDALONE, servers=[{address=localhost:27017, type=STANDALONE, roundTripTime=1.8 ms, state=CONNECTED}]
2026-02-16T09:32:50.666+05:30 DEBUG 9628 --- [user] [cluster-ClusterId{value='6992962caba7cb651aa53a29', description='null'}-localhost:27017] org.mongodb.driver.cluster               : Checking status of localhost:27017
2026-02-16T09:33:00.666+05:30 DEBUG 9628 --- [user] [cluster-ClusterId{value='6992962caba7cb651aa53a29', description='null'}-localhost:27017] org.mongodb.driver.cluster               : Updating cluster description to  {type=STANDALONE, servers=[{address=localhost:27017, type=STANDALONE, roundTripTime=1.6 ms, state=CONNECTED}]
2026-02-16T09:33:00.666+05:30 DEBUG 9628 --- [user] [cluster-ClusterId{value='6992962caba7cb651aa53a29', description='null'}-localhost:27017] org.mongodb.driver.cluster               : Checking status of localhost:27017
2026-02-16T09:33:10.668+05:30 DEBUG 9628 --- [user] [cluster-ClusterId{value='6992962caba7cb651aa53a29', description='null'}-localhost:27017] org.mongodb.driver.cluster               : Updating cluster description to  {type=STANDALONE, servers=[{address=localhost:27017, type=STANDALONE, roundTripTime=1.4 ms, state=CONNECTED}]
2026-02-16T09:33:10.669+05:30 DEBUG 9628 --- [user] [cluster-ClusterId{value='6992962caba7cb651aa53a29', description='null'}-localhost:27017] org.mongodb.driver.cluster               : Checking status of localhost:27017
2026-02-16T09:33:20.670+05:30 DEBUG 9628 --- [user] [cluster-ClusterId{value='6992962caba7cb651aa53a29', description='null'}-localhost:27017] org.mongodb.driver.cluster               : Updating cluster description to  {type=STANDALONE, servers=[{address=localhost:27017, type=STANDALONE, roundTripTime=1.5 ms, state=CONNECTED}]
2026-02-16T09:33:20.670+05:30 DEBUG 9628 --- [user] [cluster-ClusterId{value='6992962caba7cb651aa53a29', description='null'}-localhost:27017] org.mongodb.driver.cluster               : Checking status of localhost:27017
2026-02-16T09:33:30.670+05:30 DEBUG 9628 --- [user] [cluster-ClusterId{value='6992962caba7cb651aa53a29', description='null'}-localhost:27017] org.mongodb.driver.cluster               : Updating cluster description to  {type=STANDALONE, servers=[{address=localhost:27017, type=STANDALONE, roundTripTime=1.4 ms, state=CONNECTED}]
2026-02-16T09:33:30.670+05:30 DEBUG 9628 --- [user] [cluster-ClusterId{value='6992962caba7cb651aa53a29', description='null'}-localhost:27017] org.mongodb.driver.cluster               : Checking status of localhost:27017
2026-02-16T09:33:40.670+05:30 DEBUG 9628 --- [user] [cluster-ClusterId{value='6992962caba7cb651aa53a29', description='null'}-localhost:27017] org.mongodb.driver.cluster               : Updating cluster description to  {type=STANDALONE, servers=[{address=localhost:27017, type=STANDALONE, roundTripTime=1.3 ms, state=CONNECTED}]
2026-02-16T09:33:40.671+05:30 DEBUG 9628 --- [user] [cluster-ClusterId{value='6992962caba7cb651aa53a29', description='null'}-localhost:27017] org.mongodb.driver.cluster               : Checking status of localhost:27017
2026-02-16T09:33:50.672+05:30 DEBUG 9628 --- [user] [cluster-ClusterId{value='6992962caba7cb651aa53a29', description='null'}-localhost:27017] org.mongodb.driver.cluster               : Updating cluster description to  {type=STANDALONE, servers=[{address=localhost:27017, type=STANDALONE, roundTripTime=1.2 ms, state=CONNECTED}]
2026-02-16T09:33:50.672+05:30 DEBUG 9628 --- [user] [cluster-ClusterId{value='6992962caba7cb651aa53a29', description='null'}-localhost:27017] org.mongodb.driver.cluster               : Checking status of localhost:27017
2026-02-16T09:34:00.672+05:30 DEBUG 9628 --- [user] [cluster-ClusterId{value='6992962caba7cb651aa53a29', description='null'}-localhost:27017] org.mongodb.driver.cluster               : Updating cluster description to  {type=STANDALONE, servers=[{address=localhost:27017, type=STANDALONE, roundTripTime=1.3 ms, state=CONNECTED}]
2026-02-16T09:34:00.673+05:30 DEBUG 9628 --- [user] [cluster-ClusterId{value='6992962caba7cb651aa53a29', description='null'}-localhost:27017] org.mongodb.driver.cluster               : Checking status of localhost:27017
2026-02-16T09:34:10.672+05:30 DEBUG 9628 --- [user] [cluster-ClusterId{value='6992962caba7cb651aa53a29', description='null'}-localhost:27017] org.mongodb.driver.cluster               : Updating cluster description to  {type=STANDALONE, servers=[{address=localhost:27017, type=STANDALONE, roundTripTime=1.3 ms, state=CONNECTED}]
2026-02-16T09:34:10.673+05:30 DEBUG 9628 --- [user] [cluster-ClusterId{value='6992962caba7cb651aa53a29', description='null'}-localhost:27017] org.mongodb.driver.cluster               : Checking status of localhost:27017
2026-02-16T09:34:19.986+05:30 DEBUG 9628 --- [user] [http-nio-8081-exec-10] o.s.data.mongodb.core.MongoTemplate      : find using query: {} fields: Document{{}} sort: null for class: class com.example.user.entity.User in collection: users
2026-02-16T09:34:20.046+05:30 DEBUG 9628 --- [user] [http-nio-8081-exec-10] org.mongodb.driver.cluster               : Server selection started for operation with ID 30. Selector: ReadPreferenceServerSelector{readPreference=primary}, topology description: {type=STANDALONE, servers=[{address=localhost:27017, type=STANDALONE, roundTripTime=1.3 ms, state=CONNECTED}]
2026-02-16T09:34:20.050+05:30 DEBUG 9628 --- [user] [http-nio-8081-exec-10] org.mongodb.driver.cluster               : Server selection succeeded for operation with ID 30. Selected server: localhost:27017. Selector: ReadPreferenceServerSelector{readPreference=primary}, topology description: {type=STANDALONE, servers=[{address=localhost:27017, type=STANDALONE, roundTripTime=1.3 ms, state=CONNECTED}]
2026-02-16T09:34:20.054+05:30 DEBUG 9628 --- [user] [http-nio-8081-exec-10] org.mongodb.driver.connection            : Checkout started for connection to localhost:27017
2026-02-16T09:34:20.060+05:30 DEBUG 9628 --- [user] [http-nio-8081-exec-10] org.mongodb.driver.connection            : Connection created: address=localhost:27017, driver-generated ID=3
2026-02-16T09:34:20.066+05:30 DEBUG 9628 --- [user] [http-nio-8081-exec-10] org.mongodb.driver.connection            : Connection ready: address=localhost:27017, driver-generated ID=3, established in=5 ms
2026-02-16T09:34:20.066+05:30 DEBUG 9628 --- [user] [http-nio-8081-exec-10] org.mongodb.driver.connection            : Connection checked out: address=localhost:27017, driver-generated ID=3, duration=12 ms
2026-02-16T09:34:20.092+05:30 DEBUG 9628 --- [user] [http-nio-8081-exec-10] org.mongodb.driver.protocol.command      : Command "find" started on database "users" using a connection with driver-generated ID 3 and server-generated ID 6 to localhost:27017. The request ID is 32 and the operation ID is 30. Command: {"find": "users", "filter": {}, "$db": "users", "lsid": {"id": {"$binary": {"base64": "3aoGA5WnT1W04IJLwHXFjw==", "subType": "04"}}}}
2026-02-16T09:34:20.123+05:30 DEBUG 9628 --- [user] [http-nio-8081-exec-10] org.mongodb.driver.protocol.command      : Command "find" succeeded on database "users" in 31.1828 ms using a connection with driver-generated ID 3 and server-generated ID 6 to localhost:27017. The request ID is 32 and the operation ID is 30. Command reply: {"cursor": {"firstBatch": [{"_id": "69608202ee8726360a0dfe31", "firstName": "happy", "lastName": "lenin", "email": "happy@gmail.com", "phoneNumber": "6369399914", "role": ["ADMIN"], "address": {"street": "123 Main Street", "city": "Chennai", "state": "Tamil Nadu", "country": "India", "postalCode": "600001", "createdOn": {"$date": "2026-01-09T04:20:18.001Z"}, "updatedOn": {"$date": "2026-01-09T04:20:18.001Z"}}, "createdOn": {"$date": "2026-01-09T04:20:18.001Z"}, "updatedOn": {"$date": "2026-01-09T04:20:18.001Z"}, "_class": "com.example.user.entity.User"}, {"_id": "696a0cbb23e1fe7d0cefc9e0", "firstName": "lenin", "lastName": "kumar", "email": "leninkumar@gmail.com", "phoneNumber": "6369399914", "role": ["ADMIN"], "address": {"street": "123 Main Street", "city": "Chennai", "state": "Tamil Nadu", "country": "India", "postalCode": "600001", "createdOn": {"$date": "2026-01-16T10:02:35.532Z"}, "updatedOn": {"$date": "2026-01-16T10:02:35.532Z"}}, "createdOn": {"$date": "2026-01-16T10:02:35.532 ...
2026-02-16T09:34:20.130+05:30 DEBUG 9628 --- [user] [http-nio-8081-exec-10] org.mongodb.driver.operation             : Received batch of 2 documents with cursorId 0 from server localhost:27017
2026-02-16T09:34:20.133+05:30 DEBUG 9628 --- [user] [http-nio-8081-exec-10] org.mongodb.driver.connection            : Connection checked in: address=localhost:27017, driver-generated ID=3
2026-02-16T09:34:20.675+05:30 DEBUG 9628 --- [user] [cluster-ClusterId{value='6992962caba7cb651aa53a29', description='null'}-localhost:27017] org.mongodb.driver.cluster               : Updating cluster description to  {type=STANDALONE, servers=[{address=localhost:27017, type=STANDALONE, roundTripTime=1.2 ms, state=CONNECTED}]
2026-02-16T09:34:20.675+05:30 DEBUG 9628 --- [user] [cluster-ClusterId{value='6992962caba7cb651aa53a29', description='null'}-localhost:27017] org.mongodb.driver.cluster               : Checking status of localhost:27017
2026-02-16T09:34:30.676+05:30 DEBUG 9628 --- [user] [cluster-ClusterId{value='6992962caba7cb651aa53a29', description='null'}-localhost:27017] org.mongodb.driver.cluster               : Updating cluster description to  {type=STANDALONE, servers=[{address=localhost:27017, type=STANDALONE, roundTripTime=1.2 ms, state=CONNECTED}]
2026-02-16T09:34:30.676+05:30 DEBUG 9628 --- [user] [cluster-ClusterId{value='6992962caba7cb651aa53a29', description='null'}-localhost:27017] org.mongodb.driver.cluster               : Checking status of localhost:27017
2026-02-16T09:34:40.676+05:30 DEBUG 9628 --- [user] [cluster-ClusterId{value='6992962caba7cb651aa53a29', description='null'}-localhost:27017] org.mongodb.driver.cluster               : Updating cluster description to  {type=STANDALONE, servers=[{address=localhost:27017, type=STANDALONE, roundTripTime=1.3 ms, state=CONNECTED}]
2026-02-16T09:34:40.677+05:30 DEBUG 9628 --- [user] [cluster-ClusterId{value='6992962caba7cb651aa53a29', description='null'}-localhost:27017] org.mongodb.driver.cluster               : Checking status of localhost:27017
2026-02-16T09:34:42.568+05:30  INFO 9628 --- [user] [AsyncResolver-bootstrap-executor-%d] c.n.d.s.r.aws.ConfigClusterResolver      : Resolving eureka endpoints via configuration
2026-02-16T09:34:50.678+05:30 DEBUG 9628 --- [user] [cluster-ClusterId{value='6992962caba7cb651aa53a29', description='null'}-localhost:27017] org.mongodb.driver.cluster               : Updating cluster description to  {type=STANDALONE, servers=[{address=localhost:27017, type=STANDALONE, roundTripTime=1.2 ms, state=CONNECTED}]
2026-02-16T09:34:50.679+05:30 DEBUG 9628 --- [user] [cluster-ClusterId{value='6992962caba7cb651aa53a29', description='null'}-localhost:27017] org.mongodb.driver.cluster               : Checking status of localhost:27017
2026-02-16T09:35:00.679+05:30 DEBUG 9628 --- [user] [cluster-ClusterId{value='6992962caba7cb651aa53a29', description='null'}-localhost:27017] org.mongodb.driver.cluster               : Updating cluster description to  {type=STANDALONE, servers=[{address=localhost:27017, type=STANDALONE, roundTripTime=1.2 ms, state=CONNECTED}]
2026-02-16T09:35:00.679+05:30 DEBUG 9628 --- [user] [cluster-ClusterId{value='6992962caba7cb651aa53a29', description='null'}-localhost:27017] org.mongodb.driver.cluster               : Checking status of localhost:27017
2026-02-16T09:35:10.678+05:30 DEBUG 9628 --- [user] [cluster-ClusterId{value='6992962caba7cb651aa53a29', description='null'}-localhost:27017] org.mongodb.driver.cluster               : Updating cluster description to  {type=STANDALONE, servers=[{address=localhost:27017, type=STANDALONE, roundTripTime=1.2 ms, state=CONNECTED}]
2026-02-16T09:35:10.679+05:30 DEBUG 9628 --- [user] [cluster-ClusterId{value='6992962caba7cb651aa53a29', description='null'}-localhost:27017] org.mongodb.driver.cluster               : Checking status of localhost:27017
2026-02-16T09:35:20.679+05:30 DEBUG 9628 --- [user] [cluster-ClusterId{value='6992962caba7cb651aa53a29', description='null'}-localhost:27017] org.mongodb.driver.cluster               : Updating cluster description to  {type=STANDALONE, servers=[{address=localhost:27017, type=STANDALONE, roundTripTime=1.1 ms, state=CONNECTED}]
2026-02-16T09:35:20.679+05:30 DEBUG 9628 --- [user] [cluster-ClusterId{value='6992962caba7cb651aa53a29', description='null'}-localhost:27017] org.mongodb.driver.cluster               : Checking status of localhost:27017
2026-02-16T09:35:30.679+05:30 DEBUG 9628 --- [user] [cluster-ClusterId{value='6992962caba7cb651aa53a29', description='null'}-localhost:27017] org.mongodb.driver.cluster               : Updating cluster description to  {type=STANDALONE, servers=[{address=localhost:27017, type=STANDALONE, roundTripTime=1.1 ms, state=CONNECTED}]
2026-02-16T09:35:30.679+05:30 DEBUG 9628 --- [user] [cluster-ClusterId{value='6992962caba7cb651aa53a29', description='null'}-localhost:27017] org.mongodb.driver.cluster               : Checking status of localhost:27017
2026-02-16T09:35:40.680+05:30 DEBUG 9628 --- [user] [cluster-ClusterId{value='6992962caba7cb651aa53a29', description='null'}-localhost:27017] org.mongodb.driver.cluster               : Updating cluster description to  {type=STANDALONE, servers=[{address=localhost:27017, type=STANDALONE, roundTripTime=1.0 ms, state=CONNECTED}]
2026-02-16T09:35:40.680+05:30 DEBUG 9628 --- [user] [cluster-ClusterId{value='6992962caba7cb651aa53a29', description='null'}-localhost:27017] org.mongodb.driver.cluster               : Checking status of localhost:27017
2026-02-16T09:35:50.681+05:30 DEBUG 9628 --- [user] [cluster-ClusterId{value='6992962caba7cb651aa53a29', description='null'}-localhost:27017] org.mongodb.driver.cluster               : Updating cluster description to  {type=STANDALONE, servers=[{address=localhost:27017, type=STANDALONE, roundTripTime=1.0 ms, state=CONNECTED}]
2026-02-16T09:35:50.681+05:30 DEBUG 9628 --- [user] [cluster-ClusterId{value='6992962caba7cb651aa53a29', description='null'}-localhost:27017] org.mongodb.driver.cluster               : Checking status of localhost:27017
2026-02-16T09:35:56.833+05:30 DEBUG 9628 --- [user] [http-nio-8081-exec-4] o.s.data.mongodb.core.MongoTemplate      : find using query: {} fields: Document{{}} sort: null for class: class com.example.user.entity.User in collection: users
2026-02-16T09:35:56.834+05:30 DEBUG 9628 --- [user] [http-nio-8081-exec-4] org.mongodb.driver.cluster               : Server selection started for operation with ID 42. Selector: ReadPreferenceServerSelector{readPreference=primary}, topology description: {type=STANDALONE, servers=[{address=localhost:27017, type=STANDALONE, roundTripTime=1.0 ms, state=CONNECTED}]
2026-02-16T09:35:56.834+05:30 DEBUG 9628 --- [user] [http-nio-8081-exec-4] org.mongodb.driver.cluster               : Server selection succeeded for operation with ID 42. Selected server: localhost:27017. Selector: ReadPreferenceServerSelector{readPreference=primary}, topology description: {type=STANDALONE, servers=[{address=localhost:27017, type=STANDALONE, roundTripTime=1.0 ms, state=CONNECTED}]
2026-02-16T09:35:56.834+05:30 DEBUG 9628 --- [user] [http-nio-8081-exec-4] org.mongodb.driver.connection            : Checkout started for connection to localhost:27017
2026-02-16T09:35:56.834+05:30 DEBUG 9628 --- [user] [http-nio-8081-exec-4] org.mongodb.driver.connection            : Connection checked out: address=localhost:27017, driver-generated ID=3, duration=0 ms
2026-02-16T09:35:56.835+05:30 DEBUG 9628 --- [user] [http-nio-8081-exec-4] org.mongodb.driver.protocol.command      : Command "find" started on database "users" using a connection with driver-generated ID 3 and server-generated ID 6 to localhost:27017. The request ID is 43 and the operation ID is 42. Command: {"find": "users", "filter": {}, "$db": "users", "lsid": {"id": {"$binary": {"base64": "3aoGA5WnT1W04IJLwHXFjw==", "subType": "04"}}}}
2026-02-16T09:35:56.837+05:30 DEBUG 9628 --- [user] [http-nio-8081-exec-4] org.mongodb.driver.protocol.command      : Command "find" succeeded on database "users" in 1.8371 ms using a connection with driver-generated ID 3 and server-generated ID 6 to localhost:27017. The request ID is 43 and the operation ID is 42. Command reply: {"cursor": {"firstBatch": [{"_id": "69608202ee8726360a0dfe31", "firstName": "happy", "lastName": "lenin", "email": "happy@gmail.com", "phoneNumber": "6369399914", "role": ["ADMIN"], "address": {"street": "123 Main Street", "city": "Chennai", "state": "Tamil Nadu", "country": "India", "postalCode": "600001", "createdOn": {"$date": "2026-01-09T04:20:18.001Z"}, "updatedOn": {"$date": "2026-01-09T04:20:18.001Z"}}, "createdOn": {"$date": "2026-01-09T04:20:18.001Z"}, "updatedOn": {"$date": "2026-01-09T04:20:18.001Z"}, "_class": "com.example.user.entity.User"}, {"_id": "696a0cbb23e1fe7d0cefc9e0", "firstName": "lenin", "lastName": "kumar", "email": "leninkumar@gmail.com", "phoneNumber": "6369399914", "role": ["ADMIN"], "address": {"street": "123 Main Street", "city": "Chennai", "state": "Tamil Nadu", "country": "India", "postalCode": "600001", "createdOn": {"$date": "2026-01-16T10:02:35.532Z"}, "updatedOn": {"$date": "2026-01-16T10:02:35.532Z"}}, "createdOn": {"$date": "2026-01-16T10:02:35.532 ...
2026-02-16T09:35:56.838+05:30 DEBUG 9628 --- [user] [http-nio-8081-exec-4] org.mongodb.driver.operation             : Received batch of 2 documents with cursorId 0 from server localhost:27017
2026-02-16T09:35:56.838+05:30 DEBUG 9628 --- [user] [http-nio-8081-exec-4] org.mongodb.driver.connection            : Connection checked in: address=localhost:27017, driver-generated ID=3
2026-02-16T09:36:00.681+05:30 DEBUG 9628 --- [user] [cluster-ClusterId{value='6992962caba7cb651aa53a29', description='null'}-localhost:27017] org.mongodb.driver.cluster               : Updating cluster description to  {type=STANDALONE, servers=[{address=localhost:27017, type=STANDALONE, roundTripTime=1.1 ms, state=CONNECTED}]
2026-02-16T09:36:00.681+05:30 DEBUG 9628 --- [user] [cluster-ClusterId{value='6992962caba7cb651aa53a29', description='null'}-localhost:27017] org.mongodb.driver.cluster               : Checking status of localhost:27017
2026-02-16T09:36:10.681+05:30 DEBUG 9628 --- [user] [cluster-ClusterId{value='6992962caba7cb651aa53a29', description='null'}-localhost:27017] org.mongodb.driver.cluster               : Updating cluster description to  {type=STANDALONE, servers=[{address=localhost:27017, type=STANDALONE, roundTripTime=1.0 ms, state=CONNECTED}]
2026-02-16T09:36:10.682+05:30 DEBUG 9628 --- [user] [cluster-ClusterId{value='6992962caba7cb651aa53a29', description='null'}-localhost:27017] org.mongodb.driver.cluster               : Checking status of localhost:27017
2026-02-16T09:36:20.682+05:30 DEBUG 9628 --- [user] [cluster-ClusterId{value='6992962caba7cb651aa53a29', description='null'}-localhost:27017] org.mongodb.driver.cluster               : Updating cluster description to  {type=STANDALONE, servers=[{address=localhost:27017, type=STANDALONE, roundTripTime=1.0 ms, state=CONNECTED}]
2026-02-16T09:36:20.682+05:30 DEBUG 9628 --- [user] [cluster-ClusterId{value='6992962caba7cb651aa53a29', description='null'}-localhost:27017] org.mongodb.driver.cluster               : Checking status of localhost:27017
2026-02-16T09:36:30.684+05:30 DEBUG 9628 --- [user] [cluster-ClusterId{value='6992962caba7cb651aa53a29', description='null'}-localhost:27017] org.mongodb.driver.cluster               : Updating cluster description to  {type=STANDALONE, servers=[{address=localhost:27017, type=STANDALONE, roundTripTime=1.1 ms, state=CONNECTED}]
2026-02-16T09:36:30.684+05:30 DEBUG 9628 --- [user] [cluster-ClusterId{value='6992962caba7cb651aa53a29', description='null'}-localhost:27017] org.mongodb.driver.cluster               : Checking status of localhost:27017
2026-02-16T09:36:40.685+05:30 DEBUG 9628 --- [user] [cluster-ClusterId{value='6992962caba7cb651aa53a29', description='null'}-localhost:27017] org.mongodb.driver.cluster               : Updating cluster description to  {type=STANDALONE, servers=[{address=localhost:27017, type=STANDALONE, roundTripTime=1.1 ms, state=CONNECTED}]
2026-02-16T09:36:40.685+05:30 DEBUG 9628 --- [user] [cluster-ClusterId{value='6992962caba7cb651aa53a29', description='null'}-localhost:27017] org.mongodb.driver.cluster               : Checking status of localhost:27017
2026-02-16T09:36:50.686+05:30 DEBUG 9628 --- [user] [cluster-ClusterId{value='6992962caba7cb651aa53a29', description='null'}-localhost:27017] org.mongodb.driver.cluster               : Updating cluster description to  {type=STANDALONE, servers=[{address=localhost:27017, type=STANDALONE, roundTripTime=1.1 ms, state=CONNECTED}]
2026-02-16T09:36:50.686+05:30 DEBUG 9628 --- [user] [cluster-ClusterId{value='6992962caba7cb651aa53a29', description='null'}-localhost:27017] org.mongodb.driver.cluster               : Checking status of localhost:27017
2026-02-16T09:37:00.687+05:30 DEBUG 9628 --- [user] [cluster-ClusterId{value='6992962caba7cb651aa53a29', description='null'}-localhost:27017] org.mongodb.driver.cluster               : Updating cluster description to  {type=STANDALONE, servers=[{address=localhost:27017, type=STANDALONE, roundTripTime=1.0 ms, state=CONNECTED}]
2026-02-16T09:37:00.687+05:30 DEBUG 9628 --- [user] [cluster-ClusterId{value='6992962caba7cb651aa53a29', description='null'}-localhost:27017] org.mongodb.driver.cluster               : Checking status of localhost:27017
2026-02-16T09:37:10.687+05:30 DEBUG 9628 --- [user] [cluster-ClusterId{value='6992962caba7cb651aa53a29', description='null'}-localhost:27017] org.mongodb.driver.cluster               : Updating cluster description to  {type=STANDALONE, servers=[{address=localhost:27017, type=STANDALONE, roundTripTime=1.0 ms, state=CONNECTED}]
2026-02-16T09:37:10.688+05:30 DEBUG 9628 --- [user] [cluster-ClusterId{value='6992962caba7cb651aa53a29', description='null'}-localhost:27017] org.mongodb.driver.cluster               : Checking status of localhost:27017
2026-02-16T09:37:20.688+05:30 DEBUG 9628 --- [user] [cluster-ClusterId{value='6992962caba7cb651aa53a29', description='null'}-localhost:27017] org.mongodb.driver.cluster               : Updating cluster description to  {type=STANDALONE, servers=[{address=localhost:27017, type=STANDALONE, roundTripTime=1.0 ms, state=CONNECTED}]
2026-02-16T09:37:20.689+05:30 DEBUG 9628 --- [user] [cluster-ClusterId{value='6992962caba7cb651aa53a29', description='null'}-localhost:27017] org.mongodb.driver.cluster               : Checking status of localhost:27017
2026-02-16T09:37:30.690+05:30 DEBUG 9628 --- [user] [cluster-ClusterId{value='6992962caba7cb651aa53a29', description='null'}-localhost:27017] org.mongodb.driver.cluster               : Updating cluster description to  {type=STANDALONE, servers=[{address=localhost:27017, type=STANDALONE, roundTripTime=1.0 ms, state=CONNECTED}]
2026-02-16T09:37:30.690+05:30 DEBUG 9628 --- [user] [cluster-ClusterId{value='6992962caba7cb651aa53a29', description='null'}-localhost:27017] org.mongodb.driver.cluster               : Checking status of localhost:27017
2026-02-16T09:37:40.691+05:30 DEBUG 9628 --- [user] [cluster-ClusterId{value='6992962caba7cb651aa53a29', description='null'}-localhost:27017] org.mongodb.driver.cluster               : Updating cluster description to  {type=STANDALONE, servers=[{address=localhost:27017, type=STANDALONE, roundTripTime=1.0 ms, state=CONNECTED}]
2026-02-16T09:37:40.691+05:30 DEBUG 9628 --- [user] [cluster-ClusterId{value='6992962caba7cb651aa53a29', description='null'}-localhost:27017] org.mongodb.driver.cluster               : Checking status of localhost:27017
2026-02-16T09:37:50.693+05:30 DEBUG 9628 --- [user] [cluster-ClusterId{value='6992962caba7cb651aa53a29', description='null'}-localhost:27017] org.mongodb.driver.cluster               : Updating cluster description to  {type=STANDALONE, servers=[{address=localhost:27017, type=STANDALONE, roundTripTime=1.1 ms, state=CONNECTED}]
2026-02-16T09:37:50.694+05:30 DEBUG 9628 --- [user] [cluster-ClusterId{value='6992962caba7cb651aa53a29', description='null'}-localhost:27017] org.mongodb.driver.cluster               : Checking status of localhost:27017
2026-02-16T09:38:00.694+05:30 DEBUG 9628 --- [user] [cluster-ClusterId{value='6992962caba7cb651aa53a29', description='null'}-localhost:27017] org.mongodb.driver.cluster               : Updating cluster description to  {type=STANDALONE, servers=[{address=localhost:27017, type=STANDALONE, roundTripTime=1.0 ms, state=CONNECTED}]
2026-02-16T09:38:00.694+05:30 DEBUG 9628 --- [user] [cluster-ClusterId{value='6992962caba7cb651aa53a29', description='null'}-localhost:27017] org.mongodb.driver.cluster               : Checking status of localhost:27017
2026-02-16T09:38:10.694+05:30 DEBUG 9628 --- [user] [cluster-ClusterId{value='6992962caba7cb651aa53a29', description='null'}-localhost:27017] org.mongodb.driver.cluster               : Updating cluster description to  {type=STANDALONE, servers=[{address=localhost:27017, type=STANDALONE, roundTripTime=1.0 ms, state=CONNECTED}]
2026-02-16T09:38:10.695+05:30 DEBUG 9628 --- [user] [cluster-ClusterId{value='6992962caba7cb651aa53a29', description='null'}-localhost:27017] org.mongodb.driver.cluster               : Checking status of localhost:27017
2026-02-16T09:38:20.695+05:30 DEBUG 9628 --- [user] [cluster-ClusterId{value='6992962caba7cb651aa53a29', description='null'}-localhost:27017] org.mongodb.driver.cluster               : Updating cluster description to  {type=STANDALONE, servers=[{address=localhost:27017, type=STANDALONE, roundTripTime=1.0 ms, state=CONNECTED}]
2026-02-16T09:38:20.695+05:30 DEBUG 9628 --- [user] [cluster-ClusterId{value='6992962caba7cb651aa53a29', description='null'}-localhost:27017] org.mongodb.driver.cluster               : Checking status of localhost:27017
2026-02-16T09:38:30.695+05:30 DEBUG 9628 --- [user] [cluster-ClusterId{value='6992962caba7cb651aa53a29', description='null'}-localhost:27017] org.mongodb.driver.cluster               : Updating cluster description to  {type=STANDALONE, servers=[{address=localhost:27017, type=STANDALONE, roundTripTime=0.9 ms, state=CONNECTED}]
2026-02-16T09:38:30.695+05:30 DEBUG 9628 --- [user] [cluster-ClusterId{value='6992962caba7cb651aa53a29', description='null'}-localhost:27017] org.mongodb.driver.cluster               : Checking status of localhost:27017
2026-02-16T09:38:40.696+05:30 DEBUG 9628 --- [user] [cluster-ClusterId{value='6992962caba7cb651aa53a29', description='null'}-localhost:27017] org.mongodb.driver.cluster               : Updating cluster description to  {type=STANDALONE, servers=[{address=localhost:27017, type=STANDALONE, roundTripTime=0.9 ms, state=CONNECTED}]
2026-02-16T09:38:40.697+05:30 DEBUG 9628 --- [user] [cluster-ClusterId{value='6992962caba7cb651aa53a29', description='null'}-localhost:27017] org.mongodb.driver.cluster               : Checking status of localhost:27017
2026-02-16T09:38:50.696+05:30 DEBUG 9628 --- [user] [cluster-ClusterId{value='6992962caba7cb651aa53a29', description='null'}-localhost:27017] org.mongodb.driver.cluster               : Updating cluster description to  {type=STANDALONE, servers=[{address=localhost:27017, type=STANDALONE, roundTripTime=0.8 ms, state=CONNECTED}]
2026-02-16T09:38:50.696+05:30 DEBUG 9628 --- [user] [cluster-ClusterId{value='6992962caba7cb651aa53a29', description='null'}-localhost:27017] org.mongodb.driver.cluster               : Checking status of localhost:27017
2026-02-16T09:39:00.696+05:30 DEBUG 9628 --- [user] [cluster-ClusterId{value='6992962caba7cb651aa53a29', description='null'}-localhost:27017] org.mongodb.driver.cluster               : Updating cluster description to  {type=STANDALONE, servers=[{address=localhost:27017, type=STANDALONE, roundTripTime=0.8 ms, state=CONNECTED}]
2026-02-16T09:39:00.696+05:30 DEBUG 9628 --- [user] [cluster-ClusterId{value='6992962caba7cb651aa53a29', description='null'}-localhost:27017] org.mongodb.driver.cluster               : Checking status of localhost:27017
2026-02-16T09:39:10.697+05:30 DEBUG 9628 --- [user] [cluster-ClusterId{value='6992962caba7cb651aa53a29', description='null'}-localhost:27017] org.mongodb.driver.cluster               : Updating cluster description to  {type=STANDALONE, servers=[{address=localhost:27017, type=STANDALONE, roundTripTime=0.9 ms, state=CONNECTED}]
2026-02-16T09:39:10.698+05:30 DEBUG 9628 --- [user] [cluster-ClusterId{value='6992962caba7cb651aa53a29', description='null'}-localhost:27017] org.mongodb.driver.cluster               : Checking status of localhost:27017
2026-02-16T09:39:20.699+05:30 DEBUG 9628 --- [user] [cluster-ClusterId{value='6992962caba7cb651aa53a29', description='null'}-localhost:27017] org.mongodb.driver.cluster               : Updating cluster description to  {type=STANDALONE, servers=[{address=localhost:27017, type=STANDALONE, roundTripTime=0.9 ms, state=CONNECTED}]
2026-02-16T09:39:20.699+05:30 DEBUG 9628 --- [user] [cluster-ClusterId{value='6992962caba7cb651aa53a29', description='null'}-localhost:27017] org.mongodb.driver.cluster               : Checking status of localhost:27017
2026-02-16T09:39:30.699+05:30 DEBUG 9628 --- [user] [cluster-ClusterId{value='6992962caba7cb651aa53a29', description='null'}-localhost:27017] org.mongodb.driver.cluster               : Updating cluster description to  {type=STANDALONE, servers=[{address=localhost:27017, type=STANDALONE, roundTripTime=0.9 ms, state=CONNECTED}]
2026-02-16T09:39:30.700+05:30 DEBUG 9628 --- [user] [cluster-ClusterId{value='6992962caba7cb651aa53a29', description='null'}-localhost:27017] org.mongodb.driver.cluster               : Checking status of localhost:27017
2026-02-16T09:39:40.700+05:30 DEBUG 9628 --- [user] [cluster-ClusterId{value='6992962caba7cb651aa53a29', description='null'}-localhost:27017] org.mongodb.driver.cluster               : Updating cluster description to  {type=STANDALONE, servers=[{address=localhost:27017, type=STANDALONE, roundTripTime=0.9 ms, state=CONNECTED}]
2026-02-16T09:39:40.700+05:30 DEBUG 9628 --- [user] [cluster-ClusterId{value='6992962caba7cb651aa53a29', description='null'}-localhost:27017] org.mongodb.driver.cluster               : Checking status of localhost:27017
2026-02-16T09:39:42.596+05:30  INFO 9628 --- [user] [AsyncResolver-bootstrap-executor-%d] c.n.d.s.r.aws.ConfigClusterResolver      : Resolving eureka endpoints via configuration
2026-02-16T09:39:50.701+05:30 DEBUG 9628 --- [user] [cluster-ClusterId{value='6992962caba7cb651aa53a29', description='null'}-localhost:27017] org.mongodb.driver.cluster               : Updating cluster description to  {type=STANDALONE, servers=[{address=localhost:27017, type=STANDALONE, roundTripTime=0.8 ms, state=CONNECTED}]
2026-02-16T09:39:50.702+05:30 DEBUG 9628 --- [user] [cluster-ClusterId{value='6992962caba7cb651aa53a29', description='null'}-localhost:27017] org.mongodb.driver.cluster               : Checking status of localhost:27017
2026-02-16T09:40:00.702+05:30 DEBUG 9628 --- [user] [cluster-ClusterId{value='6992962caba7cb651aa53a29', description='null'}-localhost:27017] org.mongodb.driver.cluster               : Updating cluster description to  {type=STANDALONE, servers=[{address=localhost:27017, type=STANDALONE, roundTripTime=0.9 ms, state=CONNECTED}]
2026-02-16T09:40:00.702+05:30 DEBUG 9628 --- [user] [cluster-ClusterId{value='6992962caba7cb651aa53a29', description='null'}-localhost:27017] org.mongodb.driver.cluster               : Checking status of localhost:27017
2026-02-16T09:40:10.702+05:30 DEBUG 9628 --- [user] [cluster-ClusterId{value='6992962caba7cb651aa53a29', description='null'}-localhost:27017] org.mongodb.driver.cluster               : Updating cluster description to  {type=STANDALONE, servers=[{address=localhost:27017, type=STANDALONE, roundTripTime=0.8 ms, state=CONNECTED}]
2026-02-16T09:40:10.703+05:30 DEBUG 9628 --- [user] [cluster-ClusterId{value='6992962caba7cb651aa53a29', description='null'}-localhost:27017] org.mongodb.driver.cluster               : Checking status of localhost:27017
2026-02-16T09:40:20.703+05:30 DEBUG 9628 --- [user] [cluster-ClusterId{value='6992962caba7cb651aa53a29', description='null'}-localhost:27017] org.mongodb.driver.cluster               : Updating cluster description to  {type=STANDALONE, servers=[{address=localhost:27017, type=STANDALONE, roundTripTime=0.9 ms, state=CONNECTED}]
2026-02-16T09:40:20.703+05:30 DEBUG 9628 --- [user] [cluster-ClusterId{value='6992962caba7cb651aa53a29', description='null'}-localhost:27017] org.mongodb.driver.cluster               : Checking status of localhost:27017
2026-02-16T09:40:30.704+05:30 DEBUG 9628 --- [user] [cluster-ClusterId{value='6992962caba7cb651aa53a29', description='null'}-localhost:27017] org.mongodb.driver.cluster               : Updating cluster description to  {type=STANDALONE, servers=[{address=localhost:27017, type=STANDALONE, roundTripTime=0.8 ms, state=CONNECTED}]
2026-02-16T09:40:30.705+05:30 DEBUG 9628 --- [user] [cluster-ClusterId{value='6992962caba7cb651aa53a29', description='null'}-localhost:27017] org.mongodb.driver.cluster               : Checking status of localhost:27017
2026-02-16T09:40:40.704+05:30 DEBUG 9628 --- [user] [cluster-ClusterId{value='6992962caba7cb651aa53a29', description='null'}-localhost:27017] org.mongodb.driver.cluster               : Updating cluster description to  {type=STANDALONE, servers=[{address=localhost:27017, type=STANDALONE, roundTripTime=0.9 ms, state=CONNECTED}]
2026-02-16T09:40:40.705+05:30 DEBUG 9628 --- [user] [cluster-ClusterId{value='6992962caba7cb651aa53a29', description='null'}-localhost:27017] org.mongodb.driver.cluster               : Checking status of localhost:27017
2026-02-16T09:40:50.707+05:30 DEBUG 9628 --- [user] [cluster-ClusterId{value='6992962caba7cb651aa53a29', description='null'}-localhost:27017] org.mongodb.driver.cluster               : Updating cluster description to  {type=STANDALONE, servers=[{address=localhost:27017, type=STANDALONE, roundTripTime=0.8 ms, state=CONNECTED}]
2026-02-16T09:40:50.707+05:30 DEBUG 9628 --- [user] [cluster-ClusterId{value='6992962caba7cb651aa53a29', description='null'}-localhost:27017] org.mongodb.driver.cluster               : Checking status of localhost:27017
2026-02-16T09:41:00.707+05:30 DEBUG 9628 --- [user] [cluster-ClusterId{value='6992962caba7cb651aa53a29', description='null'}-localhost:27017] org.mongodb.driver.cluster               : Updating cluster description to  {type=STANDALONE, servers=[{address=localhost:27017, type=STANDALONE, roundTripTime=0.8 ms, state=CONNECTED}]
2026-02-16T09:41:00.708+05:30 DEBUG 9628 --- [user] [cluster-ClusterId{value='6992962caba7cb651aa53a29', description='null'}-localhost:27017] org.mongodb.driver.cluster               : Checking status of localhost:27017
2026-02-16T09:41:10.708+05:30 DEBUG 9628 --- [user] [cluster-ClusterId{value='6992962caba7cb651aa53a29', description='null'}-localhost:27017] org.mongodb.driver.cluster               : Updating cluster description to  {type=STANDALONE, servers=[{address=localhost:27017, type=STANDALONE, roundTripTime=0.8 ms, state=CONNECTED}]
2026-02-16T09:41:10.708+05:30 DEBUG 9628 --- [user] [cluster-ClusterId{value='6992962caba7cb651aa53a29', description='null'}-localhost:27017] org.mongodb.driver.cluster               : Checking status of localhost:27017
2026-02-16T09:41:20.709+05:30 DEBUG 9628 --- [user] [cluster-ClusterId{value='6992962caba7cb651aa53a29', description='null'}-localhost:27017] org.mongodb.driver.cluster               : Updating cluster description to  {type=STANDALONE, servers=[{address=localhost:27017, type=STANDALONE, roundTripTime=0.8 ms, state=CONNECTED}]
2026-02-16T09:41:20.710+05:30 DEBUG 9628 --- [user] [cluster-ClusterId{value='6992962caba7cb651aa53a29', description='null'}-localhost:27017] org.mongodb.driver.cluster               : Checking status of localhost:27017
2026-02-16T09:41:30.710+05:30 DEBUG 9628 --- [user] [cluster-ClusterId{value='6992962caba7cb651aa53a29', description='null'}-localhost:27017] org.mongodb.driver.cluster               : Updating cluster description to  {type=STANDALONE, servers=[{address=localhost:27017, type=STANDALONE, roundTripTime=0.8 ms, state=CONNECTED}]
2026-02-16T09:41:30.711+05:30 DEBUG 9628 --- [user] [cluster-ClusterId{value='6992962caba7cb651aa53a29', description='null'}-localhost:27017] org.mongodb.driver.cluster               : Checking status of localhost:27017
2026-02-16T09:41:40.710+05:30 DEBUG 9628 --- [user] [cluster-ClusterId{value='6992962caba7cb651aa53a29', description='null'}-localhost:27017] org.mongodb.driver.cluster               : Updating cluster description to  {type=STANDALONE, servers=[{address=localhost:27017, type=STANDALONE, roundTripTime=0.8 ms, state=CONNECTED}]
2026-02-16T09:41:40.710+05:30 DEBUG 9628 --- [user] [cluster-ClusterId{value='6992962caba7cb651aa53a29', description='null'}-localhost:27017] org.mongodb.driver.cluster               : Checking status of localhost:27017
2026-02-16T09:41:50.712+05:30 DEBUG 9628 --- [user] [cluster-ClusterId{value='6992962caba7cb651aa53a29', description='null'}-localhost:27017] org.mongodb.driver.cluster               : Updating cluster description to  {type=STANDALONE, servers=[{address=localhost:27017, type=STANDALONE, roundTripTime=0.8 ms, state=CONNECTED}]
2026-02-16T09:41:50.713+05:30 DEBUG 9628 --- [user] [cluster-ClusterId{value='6992962caba7cb651aa53a29', description='null'}-localhost:27017] org.mongodb.driver.cluster               : Checking status of localhost:27017
2026-02-16T09:42:00.712+05:30 DEBUG 9628 --- [user] [cluster-ClusterId{value='6992962caba7cb651aa53a29', description='null'}-localhost:27017] org.mongodb.driver.cluster               : Updating cluster description to  {type=STANDALONE, servers=[{address=localhost:27017, type=STANDALONE, roundTripTime=0.9 ms, state=CONNECTED}]
2026-02-16T09:42:00.713+05:30 DEBUG 9628 --- [user] [cluster-ClusterId{value='6992962caba7cb651aa53a29', description='null'}-localhost:27017] org.mongodb.driver.cluster               : Checking status of localhost:27017
2026-02-16T09:42:10.713+05:30 DEBUG 9628 --- [user] [cluster-ClusterId{value='6992962caba7cb651aa53a29', description='null'}-localhost:27017] org.mongodb.driver.cluster               : Updating cluster description to  {type=STANDALONE, servers=[{address=localhost:27017, type=STANDALONE, roundTripTime=0.9 ms, state=CONNECTED}]
2026-02-16T09:42:10.713+05:30 DEBUG 9628 --- [user] [cluster-ClusterId{value='6992962caba7cb651aa53a29', description='null'}-localhost:27017] org.mongodb.driver.cluster               : Checking status of localhost:27017
2026-02-16T09:42:20.715+05:30 DEBUG 9628 --- [user] [cluster-ClusterId{value='6992962caba7cb651aa53a29', description='null'}-localhost:27017] org.mongodb.driver.cluster               : Updating cluster description to  {type=STANDALONE, servers=[{address=localhost:27017, type=STANDALONE, roundTripTime=0.9 ms, state=CONNECTED}]
2026-02-16T09:42:20.715+05:30 DEBUG 9628 --- [user] [cluster-ClusterId{value='6992962caba7cb651aa53a29', description='null'}-localhost:27017] org.mongodb.driver.cluster               : Checking status of localhost:27017
2026-02-16T09:42:30.715+05:30 DEBUG 9628 --- [user] [cluster-ClusterId{value='6992962caba7cb651aa53a29', description='null'}-localhost:27017] org.mongodb.driver.cluster               : Updating cluster description to  {type=STANDALONE, servers=[{address=localhost:27017, type=STANDALONE, roundTripTime=0.9 ms, state=CONNECTED}]
2026-02-16T09:42:30.716+05:30 DEBUG 9628 --- [user] [cluster-ClusterId{value='6992962caba7cb651aa53a29', description='null'}-localhost:27017] org.mongodb.driver.cluster               : Checking status of localhost:27017
2026-02-16T09:42:40.717+05:30 DEBUG 9628 --- [user] [cluster-ClusterId{value='6992962caba7cb651aa53a29', description='null'}-localhost:27017] org.mongodb.driver.cluster               : Updating cluster description to  {type=STANDALONE, servers=[{address=localhost:27017, type=STANDALONE, roundTripTime=1.0 ms, state=CONNECTED}]
2026-02-16T09:42:40.717+05:30 DEBUG 9628 --- [user] [cluster-ClusterId{value='6992962caba7cb651aa53a29', description='null'}-localhost:27017] org.mongodb.driver.cluster               : Checking status of localhost:27017
2026-02-16T09:42:50.716+05:30 DEBUG 9628 --- [user] [cluster-ClusterId{value='6992962caba7cb651aa53a29', description='null'}-localhost:27017] org.mongodb.driver.cluster               : Updating cluster description to  {type=STANDALONE, servers=[{address=localhost:27017, type=STANDALONE, roundTripTime=0.9 ms, state=CONNECTED}]
2026-02-16T09:42:50.716+05:30 DEBUG 9628 --- [user] [cluster-ClusterId{value='6992962caba7cb651aa53a29', description='null'}-localhost:27017] org.mongodb.driver.cluster               : Checking status of localhost:27017
2026-02-16T09:43:00.717+05:30 DEBUG 9628 --- [user] [cluster-ClusterId{value='6992962caba7cb651aa53a29', description='null'}-localhost:27017] org.mongodb.driver.cluster               : Updating cluster description to  {type=STANDALONE, servers=[{address=localhost:27017, type=STANDALONE, roundTripTime=0.9 ms, state=CONNECTED}]
2026-02-16T09:43:00.717+05:30 DEBUG 9628 --- [user] [cluster-ClusterId{value='6992962caba7cb651aa53a29', description='null'}-localhost:27017] org.mongodb.driver.cluster               : Checking status of localhost:27017
2026-02-16T09:43:10.718+05:30 DEBUG 9628 --- [user] [cluster-ClusterId{value='6992962caba7cb651aa53a29', description='null'}-localhost:27017] org.mongodb.driver.cluster               : Updating cluster description to  {type=STANDALONE, servers=[{address=localhost:27017, type=STANDALONE, roundTripTime=0.8 ms, state=CONNECTED}]
2026-02-16T09:43:10.719+05:30 DEBUG 9628 --- [user] [cluster-ClusterId{value='6992962caba7cb651aa53a29', description='null'}-localhost:27017] org.mongodb.driver.cluster               : Checking status of localhost:27017
2026-02-16T09:43:20.720+05:30 DEBUG 9628 --- [user] [cluster-ClusterId{value='6992962caba7cb651aa53a29', description='null'}-localhost:27017] org.mongodb.driver.cluster               : Updating cluster description to  {type=STANDALONE, servers=[{address=localhost:27017, type=STANDALONE, roundTripTime=0.8 ms, state=CONNECTED}]
2026-02-16T09:43:20.720+05:30 DEBUG 9628 --- [user] [cluster-ClusterId{value='6992962caba7cb651aa53a29', description='null'}-localhost:27017] org.mongodb.driver.cluster               : Checking status of localhost:27017
2026-02-16T09:43:30.720+05:30 DEBUG 9628 --- [user] [cluster-ClusterId{value='6992962caba7cb651aa53a29', description='null'}-localhost:27017] org.mongodb.driver.cluster               : Updating cluster description to  {type=STANDALONE, servers=[{address=localhost:27017, type=STANDALONE, roundTripTime=1.0 ms, state=CONNECTED}]
2026-02-16T09:43:30.720+05:30 DEBUG 9628 --- [user] [cluster-ClusterId{value='6992962caba7cb651aa53a29', description='null'}-localhost:27017] org.mongodb.driver.cluster               : Checking status of localhost:27017
2026-02-16T09:43:40.721+05:30 DEBUG 9628 --- [user] [cluster-ClusterId{value='6992962caba7cb651aa53a29', description='null'}-localhost:27017] org.mongodb.driver.cluster               : Updating cluster description to  {type=STANDALONE, servers=[{address=localhost:27017, type=STANDALONE, roundTripTime=1.0 ms, state=CONNECTED}]
2026-02-16T09:43:40.721+05:30 DEBUG 9628 --- [user] [cluster-ClusterId{value='6992962caba7cb651aa53a29', description='null'}-localhost:27017] org.mongodb.driver.cluster               : Checking status of localhost:27017
2026-02-16T09:43:50.721+05:30 DEBUG 9628 --- [user] [cluster-ClusterId{value='6992962caba7cb651aa53a29', description='null'}-localhost:27017] org.mongodb.driver.cluster               : Updating cluster description to  {type=STANDALONE, servers=[{address=localhost:27017, type=STANDALONE, roundTripTime=1.0 ms, state=CONNECTED}]
2026-02-16T09:43:50.721+05:30 DEBUG 9628 --- [user] [cluster-ClusterId{value='6992962caba7cb651aa53a29', description='null'}-localhost:27017] org.mongodb.driver.cluster               : Checking status of localhost:27017
2026-02-16T09:44:00.721+05:30 DEBUG 9628 --- [user] [cluster-ClusterId{value='6992962caba7cb651aa53a29', description='null'}-localhost:27017] org.mongodb.driver.cluster               : Updating cluster description to  {type=STANDALONE, servers=[{address=localhost:27017, type=STANDALONE, roundTripTime=1.0 ms, state=CONNECTED}]
2026-02-16T09:44:00.722+05:30 DEBUG 9628 --- [user] [cluster-ClusterId{value='6992962caba7cb651aa53a29', description='null'}-localhost:27017] org.mongodb.driver.cluster               : Checking status of localhost:27017
2026-02-16T09:44:10.722+05:30 DEBUG 9628 --- [user] [cluster-ClusterId{value='6992962caba7cb651aa53a29', description='null'}-localhost:27017] org.mongodb.driver.cluster               : Updating cluster description to  {type=STANDALONE, servers=[{address=localhost:27017, type=STANDALONE, roundTripTime=1.0 ms, state=CONNECTED}]
2026-02-16T09:44:10.722+05:30 DEBUG 9628 --- [user] [cluster-ClusterId{value='6992962caba7cb651aa53a29', description='null'}-localhost:27017] org.mongodb.driver.cluster               : Checking status of localhost:27017
2026-02-16T09:44:20.722+05:30 DEBUG 9628 --- [user] [cluster-ClusterId{value='6992962caba7cb651aa53a29', description='null'}-localhost:27017] org.mongodb.driver.cluster               : Updating cluster description to  {type=STANDALONE, servers=[{address=localhost:27017, type=STANDALONE, roundTripTime=1.0 ms, state=CONNECTED}]
2026-02-16T09:44:20.722+05:30 DEBUG 9628 --- [user] [cluster-ClusterId{value='6992962caba7cb651aa53a29', description='null'}-localhost:27017] org.mongodb.driver.cluster               : Checking status of localhost:27017
2026-02-16T09:44:30.722+05:30 DEBUG 9628 --- [user] [cluster-ClusterId{value='6992962caba7cb651aa53a29', description='null'}-localhost:27017] org.mongodb.driver.cluster               : Updating cluster description to  {type=STANDALONE, servers=[{address=localhost:27017, type=STANDALONE, roundTripTime=0.9 ms, state=CONNECTED}]
2026-02-16T09:44:30.723+05:30 DEBUG 9628 --- [user] [cluster-ClusterId{value='6992962caba7cb651aa53a29', description='null'}-localhost:27017] org.mongodb.driver.cluster               : Checking status of localhost:27017
2026-02-16T09:44:40.722+05:30 DEBUG 9628 --- [user] [cluster-ClusterId{value='6992962caba7cb651aa53a29', description='null'}-localhost:27017] org.mongodb.driver.cluster               : Updating cluster description to  {type=STANDALONE, servers=[{address=localhost:27017, type=STANDALONE, roundTripTime=0.9 ms, state=CONNECTED}]
2026-02-16T09:44:40.722+05:30 DEBUG 9628 --- [user] [cluster-ClusterId{value='6992962caba7cb651aa53a29', description='null'}-localhost:27017] org.mongodb.driver.cluster               : Checking status of localhost:27017
2026-02-16T09:44:42.625+05:30  INFO 9628 --- [user] [AsyncResolver-bootstrap-executor-%d] c.n.d.s.r.aws.ConfigClusterResolver      : Resolving eureka endpoints via configuration
2026-02-16T09:44:50.723+05:30 DEBUG 9628 --- [user] [cluster-ClusterId{value='6992962caba7cb651aa53a29', description='null'}-localhost:27017] org.mongodb.driver.cluster               : Updating cluster description to  {type=STANDALONE, servers=[{address=localhost:27017, type=STANDALONE, roundTripTime=0.9 ms, state=CONNECTED}]
2026-02-16T09:44:50.723+05:30 DEBUG 9628 --- [user] [cluster-ClusterId{value='6992962caba7cb651aa53a29', description='null'}-localhost:27017] org.mongodb.driver.cluster               : Checking status of localhost:27017
2026-02-16T09:45:00.723+05:30 DEBUG 9628 --- [user] [cluster-ClusterId{value='6992962caba7cb651aa53a29', description='null'}-localhost:27017] org.mongodb.driver.cluster               : Updating cluster description to  {type=STANDALONE, servers=[{address=localhost:27017, type=STANDALONE, roundTripTime=0.8 ms, state=CONNECTED}]
2026-02-16T09:45:00.724+05:30 DEBUG 9628 --- [user] [cluster-ClusterId{value='6992962caba7cb651aa53a29', description='null'}-localhost:27017] org.mongodb.driver.cluster               : Checking status of localhost:27017
2026-02-16T09:45:10.724+05:30 DEBUG 9628 --- [user] [cluster-ClusterId{value='6992962caba7cb651aa53a29', description='null'}-localhost:27017] org.mongodb.driver.cluster               : Updating cluster description to  {type=STANDALONE, servers=[{address=localhost:27017, type=STANDALONE, roundTripTime=1.0 ms, state=CONNECTED}]
2026-02-16T09:45:10.724+05:30 DEBUG 9628 --- [user] [cluster-ClusterId{value='6992962caba7cb651aa53a29', description='null'}-localhost:27017] org.mongodb.driver.cluster               : Checking status of localhost:27017
2026-02-16T09:45:20.725+05:30 DEBUG 9628 --- [user] [cluster-ClusterId{value='6992962caba7cb651aa53a29', description='null'}-localhost:27017] org.mongodb.driver.cluster               : Updating cluster description to  {type=STANDALONE, servers=[{address=localhost:27017, type=STANDALONE, roundTripTime=1.0 ms, state=CONNECTED}]
2026-02-16T09:45:20.726+05:30 DEBUG 9628 --- [user] [cluster-ClusterId{value='6992962caba7cb651aa53a29', description='null'}-localhost:27017] org.mongodb.driver.cluster               : Checking status of localhost:27017
2026-02-16T09:45:30.727+05:30 DEBUG 9628 --- [user] [cluster-ClusterId{value='6992962caba7cb651aa53a29', description='null'}-localhost:27017] org.mongodb.driver.cluster               : Updating cluster description to  {type=STANDALONE, servers=[{address=localhost:27017, type=STANDALONE, roundTripTime=1.0 ms, state=CONNECTED}]
2026-02-16T09:45:30.727+05:30 DEBUG 9628 --- [user] [cluster-ClusterId{value='6992962caba7cb651aa53a29', description='null'}-localhost:27017] org.mongodb.driver.cluster               : Checking status of localhost:27017
2026-02-16T09:45:40.726+05:30 DEBUG 9628 --- [user] [cluster-ClusterId{value='6992962caba7cb651aa53a29', description='null'}-localhost:27017] org.mongodb.driver.cluster               : Updating cluster description to  {type=STANDALONE, servers=[{address=localhost:27017, type=STANDALONE, roundTripTime=0.9 ms, state=CONNECTED}]
2026-02-16T09:45:40.726+05:30 DEBUG 9628 --- [user] [cluster-ClusterId{value='6992962caba7cb651aa53a29', description='null'}-localhost:27017] org.mongodb.driver.cluster               : Checking status of localhost:27017
2026-02-16T09:45:50.726+05:30 DEBUG 9628 --- [user] [cluster-ClusterId{value='6992962caba7cb651aa53a29', description='null'}-localhost:27017] org.mongodb.driver.cluster               : Updating cluster description to  {type=STANDALONE, servers=[{address=localhost:27017, type=STANDALONE, roundTripTime=0.9 ms, state=CONNECTED}]
2026-02-16T09:45:50.727+05:30 DEBUG 9628 --- [user] [cluster-ClusterId{value='6992962caba7cb651aa53a29', description='null'}-localhost:27017] org.mongodb.driver.cluster               : Checking status of localhost:27017
2026-02-16T09:46:00.726+05:30 DEBUG 9628 --- [user] [cluster-ClusterId{value='6992962caba7cb651aa53a29', description='null'}-localhost:27017] org.mongodb.driver.cluster               : Updating cluster description to  {type=STANDALONE, servers=[{address=localhost:27017, type=STANDALONE, roundTripTime=1.1 ms, state=CONNECTED}]
2026-02-16T09:46:00.726+05:30 DEBUG 9628 --- [user] [cluster-ClusterId{value='6992962caba7cb651aa53a29', description='null'}-localhost:27017] org.mongodb.driver.cluster               : Checking status of localhost:27017
2026-02-16T09:46:10.728+05:30 DEBUG 9628 --- [user] [cluster-ClusterId{value='6992962caba7cb651aa53a29', description='null'}-localhost:27017] org.mongodb.driver.cluster               : Updating cluster description to  {type=STANDALONE, servers=[{address=localhost:27017, type=STANDALONE, roundTripTime=1.0 ms, state=CONNECTED}]
2026-02-16T09:46:10.728+05:30 DEBUG 9628 --- [user] [cluster-ClusterId{value='6992962caba7cb651aa53a29', description='null'}-localhost:27017] org.mongodb.driver.cluster               : Checking status of localhost:27017
2026-02-16T09:46:20.728+05:30 DEBUG 9628 --- [user] [cluster-ClusterId{value='6992962caba7cb651aa53a29', description='null'}-localhost:27017] org.mongodb.driver.cluster               : Updating cluster description to  {type=STANDALONE, servers=[{address=localhost:27017, type=STANDALONE, roundTripTime=1.0 ms, state=CONNECTED}]
2026-02-16T09:46:20.728+05:30 DEBUG 9628 --- [user] [cluster-ClusterId{value='6992962caba7cb651aa53a29', description='null'}-localhost:27017] org.mongodb.driver.cluster               : Checking status of localhost:27017
2026-02-16T09:46:30.728+05:30 DEBUG 9628 --- [user] [cluster-ClusterId{value='6992962caba7cb651aa53a29', description='null'}-localhost:27017] org.mongodb.driver.cluster               : Updating cluster description to  {type=STANDALONE, servers=[{address=localhost:27017, type=STANDALONE, roundTripTime=1.0 ms, state=CONNECTED}]
2026-02-16T09:46:30.728+05:30 DEBUG 9628 --- [user] [cluster-ClusterId{value='6992962caba7cb651aa53a29', description='null'}-localhost:27017] org.mongodb.driver.cluster               : Checking status of localhost:27017
2026-02-16T09:46:40.729+05:30 DEBUG 9628 --- [user] [cluster-ClusterId{value='6992962caba7cb651aa53a29', description='null'}-localhost:27017] org.mongodb.driver.cluster               : Updating cluster description to  {type=STANDALONE, servers=[{address=localhost:27017, type=STANDALONE, roundTripTime=0.9 ms, state=CONNECTED}]
2026-02-16T09:46:40.729+05:30 DEBUG 9628 --- [user] [cluster-ClusterId{value='6992962caba7cb651aa53a29', description='null'}-localhost:27017] org.mongodb.driver.cluster               : Checking status of localhost:27017
2026-02-16T09:46:50.730+05:30 DEBUG 9628 --- [user] [cluster-ClusterId{value='6992962caba7cb651aa53a29', description='null'}-localhost:27017] org.mongodb.driver.cluster               : Updating cluster description to  {type=STANDALONE, servers=[{address=localhost:27017, type=STANDALONE, roundTripTime=0.9 ms, state=CONNECTED}]
2026-02-16T09:46:50.731+05:30 DEBUG 9628 --- [user] [cluster-ClusterId{value='6992962caba7cb651aa53a29', description='null'}-localhost:27017] org.mongodb.driver.cluster               : Checking status of localhost:27017
2026-02-16T09:47:00.732+05:30 DEBUG 9628 --- [user] [cluster-ClusterId{value='6992962caba7cb651aa53a29', description='null'}-localhost:27017] org.mongodb.driver.cluster               : Updating cluster description to  {type=STANDALONE, servers=[{address=localhost:27017, type=STANDALONE, roundTripTime=0.9 ms, state=CONNECTED}]
2026-02-16T09:47:00.732+05:30 DEBUG 9628 --- [user] [cluster-ClusterId{value='6992962caba7cb651aa53a29', description='null'}-localhost:27017] org.mongodb.driver.cluster               : Checking status of localhost:27017
2026-02-16T09:47:10.732+05:30 DEBUG 9628 --- [user] [cluster-ClusterId{value='6992962caba7cb651aa53a29', description='null'}-localhost:27017] org.mongodb.driver.cluster               : Updating cluster description to  {type=STANDALONE, servers=[{address=localhost:27017, type=STANDALONE, roundTripTime=0.9 ms, state=CONNECTED}]
2026-02-16T09:47:10.733+05:30 DEBUG 9628 --- [user] [cluster-ClusterId{value='6992962caba7cb651aa53a29', description='null'}-localhost:27017] org.mongodb.driver.cluster               : Checking status of localhost:27017
2026-02-16T09:47:20.732+05:30 DEBUG 9628 --- [user] [cluster-ClusterId{value='6992962caba7cb651aa53a29', description='null'}-localhost:27017] org.mongodb.driver.cluster               : Updating cluster description to  {type=STANDALONE, servers=[{address=localhost:27017, type=STANDALONE, roundTripTime=0.8 ms, state=CONNECTED}]
2026-02-16T09:47:20.732+05:30 DEBUG 9628 --- [user] [cluster-ClusterId{value='6992962caba7cb651aa53a29', description='null'}-localhost:27017] org.mongodb.driver.cluster               : Checking status of localhost:27017
2026-02-16T09:47:30.732+05:30 DEBUG 9628 --- [user] [cluster-ClusterId{value='6992962caba7cb651aa53a29', description='null'}-localhost:27017] org.mongodb.driver.cluster               : Updating cluster description to  {type=STANDALONE, servers=[{address=localhost:27017, type=STANDALONE, roundTripTime=0.8 ms, state=CONNECTED}]
2026-02-16T09:47:30.733+05:30 DEBUG 9628 --- [user] [cluster-ClusterId{value='6992962caba7cb651aa53a29', description='null'}-localhost:27017] org.mongodb.driver.cluster               : Checking status of localhost:27017
2026-02-16T09:47:40.734+05:30 DEBUG 9628 --- [user] [cluster-ClusterId{value='6992962caba7cb651aa53a29', description='null'}-localhost:27017] org.mongodb.driver.cluster               : Updating cluster description to  {type=STANDALONE, servers=[{address=localhost:27017, type=STANDALONE, roundTripTime=0.8 ms, state=CONNECTED}]
2026-02-16T09:47:40.735+05:30 DEBUG 9628 --- [user] [cluster-ClusterId{value='6992962caba7cb651aa53a29', description='null'}-localhost:27017] org.mongodb.driver.cluster               : Checking status of localhost:27017
2026-02-16T09:47:50.736+05:30 DEBUG 9628 --- [user] [cluster-ClusterId{value='6992962caba7cb651aa53a29', description='null'}-localhost:27017] org.mongodb.driver.cluster               : Updating cluster description to  {type=STANDALONE, servers=[{address=localhost:27017, type=STANDALONE, roundTripTime=0.8 ms, state=CONNECTED}]
2026-02-16T09:47:50.737+05:30 DEBUG 9628 --- [user] [cluster-ClusterId{value='6992962caba7cb651aa53a29', description='null'}-localhost:27017] org.mongodb.driver.cluster               : Checking status of localhost:27017
2026-02-16T09:48:00.737+05:30 DEBUG 9628 --- [user] [cluster-ClusterId{value='6992962caba7cb651aa53a29', description='null'}-localhost:27017] org.mongodb.driver.cluster               : Updating cluster description to  {type=STANDALONE, servers=[{address=localhost:27017, type=STANDALONE, roundTripTime=0.9 ms, state=CONNECTED}]
2026-02-16T09:48:00.737+05:30 DEBUG 9628 --- [user] [cluster-ClusterId{value='6992962caba7cb651aa53a29', description='null'}-localhost:27017] org.mongodb.driver.cluster               : Checking status of localhost:27017
2026-02-16T09:48:10.738+05:30 DEBUG 9628 --- [user] [cluster-ClusterId{value='6992962caba7cb651aa53a29', description='null'}-localhost:27017] org.mongodb.driver.cluster               : Updating cluster description to  {type=STANDALONE, servers=[{address=localhost:27017, type=STANDALONE, roundTripTime=0.9 ms, state=CONNECTED}]
2026-02-16T09:48:10.738+05:30 DEBUG 9628 --- [user] [cluster-ClusterId{value='6992962caba7cb651aa53a29', description='null'}-localhost:27017] org.mongodb.driver.cluster               : Checking status of localhost:27017
2026-02-16T09:48:20.738+05:30 DEBUG 9628 --- [user] [cluster-ClusterId{value='6992962caba7cb651aa53a29', description='null'}-localhost:27017] org.mongodb.driver.cluster               : Updating cluster description to  {type=STANDALONE, servers=[{address=localhost:27017, type=STANDALONE, roundTripTime=1.1 ms, state=CONNECTED}]
2026-02-16T09:48:20.739+05:30 DEBUG 9628 --- [user] [cluster-ClusterId{value='6992962caba7cb651aa53a29', description='null'}-localhost:27017] org.mongodb.driver.cluster               : Checking status of localhost:27017
2026-02-16T09:48:30.740+05:30 DEBUG 9628 --- [user] [cluster-ClusterId{value='6992962caba7cb651aa53a29', description='null'}-localhost:27017] org.mongodb.driver.cluster               : Updating cluster description to  {type=STANDALONE, servers=[{address=localhost:27017, type=STANDALONE, roundTripTime=1.1 ms, state=CONNECTED}]
2026-02-16T09:48:30.742+05:30 DEBUG 9628 --- [user] [cluster-ClusterId{value='6992962caba7cb651aa53a29', description='null'}-localhost:27017] org.mongodb.driver.cluster               : Checking status of localhost:27017
2026-02-16T09:48:40.740+05:30 DEBUG 9628 --- [user] [cluster-ClusterId{value='6992962caba7cb651aa53a29', description='null'}-localhost:27017] org.mongodb.driver.cluster               : Updating cluster description to  {type=STANDALONE, servers=[{address=localhost:27017, type=STANDALONE, roundTripTime=1.2 ms, state=CONNECTED}]
2026-02-16T09:48:40.741+05:30 DEBUG 9628 --- [user] [cluster-ClusterId{value='6992962caba7cb651aa53a29', description='null'}-localhost:27017] org.mongodb.driver.cluster               : Checking status of localhost:27017
2026-02-16T09:48:50.741+05:30 DEBUG 9628 --- [user] [cluster-ClusterId{value='6992962caba7cb651aa53a29', description='null'}-localhost:27017] org.mongodb.driver.cluster               : Updating cluster description to  {type=STANDALONE, servers=[{address=localhost:27017, type=STANDALONE, roundTripTime=1.2 ms, state=CONNECTED}]
2026-02-16T09:48:50.741+05:30 DEBUG 9628 --- [user] [cluster-ClusterId{value='6992962caba7cb651aa53a29', description='null'}-localhost:27017] org.mongodb.driver.cluster               : Checking status of localhost:27017
2026-02-16T09:49:00.741+05:30 DEBUG 9628 --- [user] [cluster-ClusterId{value='6992962caba7cb651aa53a29', description='null'}-localhost:27017] org.mongodb.driver.cluster               : Updating cluster description to  {type=STANDALONE, servers=[{address=localhost:27017, type=STANDALONE, roundTripTime=1.1 ms, state=CONNECTED}]
2026-02-16T09:49:00.742+05:30 DEBUG 9628 --- [user] [cluster-ClusterId{value='6992962caba7cb651aa53a29', description='null'}-localhost:27017] org.mongodb.driver.cluster               : Checking status of localhost:27017
2026-02-16T09:49:10.743+05:30 DEBUG 9628 --- [user] [cluster-ClusterId{value='6992962caba7cb651aa53a29', description='null'}-localhost:27017] org.mongodb.driver.cluster               : Updating cluster description to  {type=STANDALONE, servers=[{address=localhost:27017, type=STANDALONE, roundTripTime=1.1 ms, state=CONNECTED}]
2026-02-16T09:49:10.743+05:30 DEBUG 9628 --- [user] [cluster-ClusterId{value='6992962caba7cb651aa53a29', description='null'}-localhost:27017] org.mongodb.driver.cluster               : Checking status of localhost:27017
2026-02-16T09:49:20.743+05:30 DEBUG 9628 --- [user] [cluster-ClusterId{value='6992962caba7cb651aa53a29', description='null'}-localhost:27017] org.mongodb.driver.cluster               : Updating cluster description to  {type=STANDALONE, servers=[{address=localhost:27017, type=STANDALONE, roundTripTime=1.0 ms, state=CONNECTED}]
2026-02-16T09:49:20.743+05:30 DEBUG 9628 --- [user] [cluster-ClusterId{value='6992962caba7cb651aa53a29', description='null'}-localhost:27017] org.mongodb.driver.cluster               : Checking status of localhost:27017
2026-02-16T09:49:30.746+05:30 DEBUG 9628 --- [user] [cluster-ClusterId{value='6992962caba7cb651aa53a29', description='null'}-localhost:27017] org.mongodb.driver.cluster               : Updating cluster description to  {type=STANDALONE, servers=[{address=localhost:27017, type=STANDALONE, roundTripTime=1.0 ms, state=CONNECTED}]
2026-02-16T09:49:30.746+05:30 DEBUG 9628 --- [user] [cluster-ClusterId{value='6992962caba7cb651aa53a29', description='null'}-localhost:27017] org.mongodb.driver.cluster               : Checking status of localhost:27017
2026-02-16T09:49:40.746+05:30 DEBUG 9628 --- [user] [cluster-ClusterId{value='6992962caba7cb651aa53a29', description='null'}-localhost:27017] org.mongodb.driver.cluster               : Updating cluster description to  {type=STANDALONE, servers=[{address=localhost:27017, type=STANDALONE, roundTripTime=1.0 ms, state=CONNECTED}]
2026-02-16T09:49:40.747+05:30 DEBUG 9628 --- [user] [cluster-ClusterId{value='6992962caba7cb651aa53a29', description='null'}-localhost:27017] org.mongodb.driver.cluster               : Checking status of localhost:27017
2026-02-16T09:49:42.652+05:30  INFO 9628 --- [user] [AsyncResolver-bootstrap-executor-%d] c.n.d.s.r.aws.ConfigClusterResolver      : Resolving eureka endpoints via configuration
